Determining if the pthread_create exist failed with the following output:
Change Dir: /home/mersed/CLionProjects/DesignPatterns/9.Singleton/2.TestabilityIssues/cmake-build-debug/CMakeFiles/CMakeTmp

Run Build Command:"/usr/bin/make" "cmTC_2ca1b/fast"
/usr/bin/make -f CMakeFiles/cmTC_2ca1b.dir/build.make CMakeFiles/cmTC_2ca1b.dir/build
make[1]: Entering directory '/home/mersed/CLionProjects/DesignPatterns/9.Singleton/2.TestabilityIssues/cmake-build-debug/CMakeFiles/CMakeTmp'
Building C object CMakeFiles/cmTC_2ca1b.dir/CheckSymbolExists.c.o
/usr/bin/cc    -o CMakeFiles/cmTC_2ca1b.dir/CheckSymbolExists.c.o   -c /home/mersed/CLionProjects/DesignPatterns/9.Singleton/2.TestabilityIssues/cmake-build-debug/CMakeFiles/CMakeTmp/CheckSymbolExists.c
Linking C executable cmTC_2ca1b
/usr/bin/cmake -E cmake_link_script CMakeFiles/cmTC_2ca1b.dir/link.txt --verbose=1
/usr/bin/cc      -rdynamic CMakeFiles/cmTC_2ca1b.dir/CheckSymbolExists.c.o  -o cmTC_2ca1b 
CMakeFiles/cmTC_2ca1b.dir/CheckSymbolExists.c.o: In function `main':
CheckSymbolExists.c:(.text+0x1b): undefined reference to `pthread_create'
collect2: error: ld returned 1 exit status
CMakeFiles/cmTC_2ca1b.dir/build.make:97: recipe for target 'cmTC_2ca1b' failed
make[1]: *** [cmTC_2ca1b] Error 1
make[1]: Leaving directory '/home/mersed/CLionProjects/DesignPatterns/9.Singleton/2.TestabilityIssues/cmake-build-debug/CMakeFiles/CMakeTmp'
Makefile:126: recipe for target 'cmTC_2ca1b/fast' failed
make: *** [cmTC_2ca1b/fast] Error 2

File /home/mersed/CLionProjects/DesignPatterns/9.Singleton/2.TestabilityIssues/cmake-build-debug/CMakeFiles/CMakeTmp/CheckSymbolExists.c:
/* */
#include <pthread.h>

int main(int argc, char** argv)
{
  (void)argv;
#ifndef pthread_create
  return ((int*)(&pthread_create))[argc];
#else
  (void)argc;
  return 0;
#endif
}

Determining if the function pthread_create exists in the pthreads failed with the following output:
Change Dir: /home/mersed/CLionProjects/DesignPatterns/9.Singleton/2.TestabilityIssues/cmake-build-debug/CMakeFiles/CMakeTmp

Run Build Command:"/usr/bin/make" "cmTC_842a4/fast"
/usr/bin/make -f CMakeFiles/cmTC_842a4.dir/build.make CMakeFiles/cmTC_842a4.dir/build
make[1]: Entering directory '/home/mersed/CLionProjects/DesignPatterns/9.Singleton/2.TestabilityIssues/cmake-build-debug/CMakeFiles/CMakeTmp'
Building C object CMakeFiles/cmTC_842a4.dir/CheckFunctionExists.c.o
/usr/bin/cc   -DCHECK_FUNCTION_EXISTS=pthread_create   -o CMakeFiles/cmTC_842a4.dir/CheckFunctionExists.c.o   -c /usr/share/cmake-3.10/Modules/CheckFunctionExists.c
Linking C executable cmTC_842a4
/usr/bin/cmake -E cmake_link_script CMakeFiles/cmTC_842a4.dir/link.txt --verbose=1
/usr/bin/cc  -DCHECK_FUNCTION_EXISTS=pthread_create    -rdynamic CMakeFiles/cmTC_842a4.dir/CheckFunctionExists.c.o  -o cmTC_842a4 -lpthreads 
/usr/bin/ld: cannot find -lpthreads
collect2: error: ld returned 1 exit status
CMakeFiles/cmTC_842a4.dir/build.make:97: recipe for target 'cmTC_842a4' failed
make[1]: *** [cmTC_842a4] Error 1
make[1]: Leaving directory '/home/mersed/CLionProjects/DesignPatterns/9.Singleton/2.TestabilityIssues/cmake-build-debug/CMakeFiles/CMakeTmp'
Makefile:126: recipe for target 'cmTC_842a4/fast' failed
make: *** [cmTC_842a4/fast] Error 2


